Determining if the pthread_create exist failed with the following output:
Change Dir: /root/flights_backend/build/CMakeFiles/CMakeTmp

Run Build Command:"/usr/bin/make" "cmTC_30cca/fast"
/usr/bin/make -f CMakeFiles/cmTC_30cca.dir/build.make CMakeFiles/cmTC_30cca.dir/build
make[1]: Entering directory '/root/flights_backend/build/CMakeFiles/CMakeTmp'
Building C object CMakeFiles/cmTC_30cca.dir/CheckSymbolExists.c.o
/usr/bin/cc    -o CMakeFiles/cmTC_30cca.dir/CheckSymbolExists.c.o   -c /root/flights_backend/build/CMakeFiles/CMakeTmp/CheckSymbolExists.c
Linking C executable cmTC_30cca
/usr/bin/cmake -E cmake_link_script CMakeFiles/cmTC_30cca.dir/link.txt --verbose=1
/usr/bin/cc      -rdynamic CMakeFiles/cmTC_30cca.dir/CheckSymbolExists.c.o  -o cmTC_30cca 
CMakeFiles/cmTC_30cca.dir/CheckSymbolExists.c.o: In function `main':
CheckSymbolExists.c:(.text+0x1b): undefined reference to `pthread_create'
collect2: error: ld returned 1 exit status
CMakeFiles/cmTC_30cca.dir/build.make:97: recipe for target 'cmTC_30cca' failed
make[1]: *** [cmTC_30cca] Error 1
make[1]: Leaving directory '/root/flights_backend/build/CMakeFiles/CMakeTmp'
Makefile:126: recipe for target 'cmTC_30cca/fast' failed
make: *** [cmTC_30cca/fast] Error 2

File /root/flights_backend/build/CMakeFiles/CMakeTmp/CheckSymbolExists.c:
/* */
#include <pthread.h>

int main(int argc, char** argv)
{
  (void)argv;
#ifndef pthread_create
  return ((int*)(&pthread_create))[argc];
#else
  (void)argc;
  return 0;
#endif
}

Determining if the function pthread_create exists in the pthreads failed with the following output:
Change Dir: /root/flights_backend/build/CMakeFiles/CMakeTmp

Run Build Command:"/usr/bin/make" "cmTC_ab0b1/fast"
/usr/bin/make -f CMakeFiles/cmTC_ab0b1.dir/build.make CMakeFiles/cmTC_ab0b1.dir/build
make[1]: Entering directory '/root/flights_backend/build/CMakeFiles/CMakeTmp'
Building C object CMakeFiles/cmTC_ab0b1.dir/CheckFunctionExists.c.o
/usr/bin/cc   -DCHECK_FUNCTION_EXISTS=pthread_create   -o CMakeFiles/cmTC_ab0b1.dir/CheckFunctionExists.c.o   -c /usr/share/cmake-3.10/Modules/CheckFunctionExists.c
Linking C executable cmTC_ab0b1
/usr/bin/cmake -E cmake_link_script CMakeFiles/cmTC_ab0b1.dir/link.txt --verbose=1
/usr/bin/cc  -DCHECK_FUNCTION_EXISTS=pthread_create    -rdynamic CMakeFiles/cmTC_ab0b1.dir/CheckFunctionExists.c.o  -o cmTC_ab0b1 -lpthreads 
/usr/bin/ld: cannot find -lpthreads
collect2: error: ld returned 1 exit status
CMakeFiles/cmTC_ab0b1.dir/build.make:97: recipe for target 'cmTC_ab0b1' failed
make[1]: *** [cmTC_ab0b1] Error 1
make[1]: Leaving directory '/root/flights_backend/build/CMakeFiles/CMakeTmp'
Makefile:126: recipe for target 'cmTC_ab0b1/fast' failed
make: *** [cmTC_ab0b1/fast] Error 2


